<?xml version="1.0" encoding="UTF-8"?>
<!-- Generated by org.testng.reporters.JUnitXMLReporter -->
<testsuite ignored="0" hostname="abc-PC" failures="7" tests="14" name="Test" time="13.642" errors="0" timestamp="2020-12-06T02:20:09 IST">
  <testcase classname="tests.Testing1" name="test1" time="0.012"/>
  <testcase classname="tests.Testing1" name="test1" time="11.816">
    <failure type="java.lang.NullPointerException" message="Cannot invoke &amp;quot;com.relevantcodes.extentreports.ExtentTest.log(com.relevantcodes.extentreports.LogStatus, String)&amp;quot; because the return value of &amp;quot;utilities.ExtentReports.ExtentTestManager.getTest()&amp;quot; is null">
      <![CDATA[java.lang.NullPointerException: Cannot invoke "com.relevantcodes.extentreports.ExtentTest.log(com.relevantcodes.extentreports.LogStatus, String)" because the return value of "utilities.ExtentReports.ExtentTestManager.getTest()" is null
at utilities.Listeners.TestListener.onTestSuccess(TestListener.java:45)
at java.base/java.util.ArrayList.forEach(ArrayList.java:1511)
... Removed 24 stack frames]]>
    </failure>
  </testcase> <!-- test1 -->
  <testcase classname="tests.Testing1" name="test2" time="0.005"/>
  <testcase classname="tests.Testing1" name="test2" time="0.01">
    <failure type="java.lang.NullPointerException" message="Cannot invoke &amp;quot;com.relevantcodes.extentreports.ExtentTest.log(com.relevantcodes.extentreports.LogStatus, String)&amp;quot; because the return value of &amp;quot;utilities.ExtentReports.ExtentTestManager.getTest()&amp;quot; is null">
      <![CDATA[java.lang.NullPointerException: Cannot invoke "com.relevantcodes.extentreports.ExtentTest.log(com.relevantcodes.extentreports.LogStatus, String)" because the return value of "utilities.ExtentReports.ExtentTestManager.getTest()" is null
at utilities.Listeners.TestListener.onTestSuccess(TestListener.java:45)
at java.base/java.util.ArrayList.forEach(ArrayList.java:1511)
... Removed 24 stack frames]]>
    </failure>
  </testcase> <!-- test2 -->
  <testcase classname="tests.Testing1" name="test3" time="0.007"/>
  <testcase classname="tests.Testing1" name="test3" time="0.016">
    <failure type="java.lang.NullPointerException" message="Cannot invoke &amp;quot;com.relevantcodes.extentreports.ExtentTest.log(com.relevantcodes.extentreports.LogStatus, String)&amp;quot; because the return value of &amp;quot;utilities.ExtentReports.ExtentTestManager.getTest()&amp;quot; is null">
      <![CDATA[java.lang.NullPointerException: Cannot invoke "com.relevantcodes.extentreports.ExtentTest.log(com.relevantcodes.extentreports.LogStatus, String)" because the return value of "utilities.ExtentReports.ExtentTestManager.getTest()" is null
at utilities.Listeners.TestListener.onTestSuccess(TestListener.java:45)
at java.base/java.util.ArrayList.forEach(ArrayList.java:1511)
... Removed 24 stack frames]]>
    </failure>
  </testcase> <!-- test3 -->
  <testcase classname="tests.Testing1" name="testdp" time="0.002"/>
  <testcase classname="tests.Testing1" name="testdp" time="0.673">
    <failure type="java.lang.NullPointerException" message="Cannot invoke &amp;quot;com.relevantcodes.extentreports.ExtentTest.log(com.relevantcodes.extentreports.LogStatus, String)&amp;quot; because the return value of &amp;quot;utilities.ExtentReports.ExtentTestManager.getTest()&amp;quot; is null">
      <![CDATA[java.lang.NullPointerException: Cannot invoke "com.relevantcodes.extentreports.ExtentTest.log(com.relevantcodes.extentreports.LogStatus, String)" because the return value of "utilities.ExtentReports.ExtentTestManager.getTest()" is null
at utilities.Listeners.TestListener.onTestSuccess(TestListener.java:45)
at java.base/java.util.ArrayList.forEach(ArrayList.java:1511)
... Removed 24 stack frames]]>
    </failure>
  </testcase> <!-- testdp -->
  <testcase classname="tests.Testing2" name="test4" time="0.001"/>
  <testcase classname="tests.Testing2" name="test4" time="0.004">
    <failure type="java.lang.NullPointerException" message="Cannot invoke &amp;quot;com.relevantcodes.extentreports.ExtentTest.log(com.relevantcodes.extentreports.LogStatus, String)&amp;quot; because the return value of &amp;quot;utilities.ExtentReports.ExtentTestManager.getTest()&amp;quot; is null">
      <![CDATA[java.lang.NullPointerException: Cannot invoke "com.relevantcodes.extentreports.ExtentTest.log(com.relevantcodes.extentreports.LogStatus, String)" because the return value of "utilities.ExtentReports.ExtentTestManager.getTest()" is null
at utilities.Listeners.TestListener.onTestSuccess(TestListener.java:45)
at java.base/java.util.ArrayList.forEach(ArrayList.java:1511)
... Removed 24 stack frames]]>
    </failure>
  </testcase> <!-- test4 -->
  <testcase classname="tests.Testing2" name="test5" time="0.004"/>
  <testcase classname="tests.Testing2" name="test5" time="0.005">
    <failure type="java.lang.NullPointerException" message="Cannot invoke &amp;quot;com.relevantcodes.extentreports.ExtentTest.log(com.relevantcodes.extentreports.LogStatus, String)&amp;quot; because the return value of &amp;quot;utilities.ExtentReports.ExtentTestManager.getTest()&amp;quot; is null">
      <![CDATA[java.lang.NullPointerException: Cannot invoke "com.relevantcodes.extentreports.ExtentTest.log(com.relevantcodes.extentreports.LogStatus, String)" because the return value of "utilities.ExtentReports.ExtentTestManager.getTest()" is null
at utilities.Listeners.TestListener.onTestSuccess(TestListener.java:45)
at java.base/java.util.ArrayList.forEach(ArrayList.java:1511)
... Removed 24 stack frames]]>
    </failure>
  </testcase> <!-- test5 -->
  <testcase classname="tests.Testing3" name="CreateUser" time="0.137">
    <failure type="java.lang.ClassCastException" message="class tests.Testing3 cannot be cast to class tests.Testing1 (tests.Testing3 and tests.Testing1 are in unnamed module of loader &amp;apos;app&amp;apos;)">
      <![CDATA[java.lang.ClassCastException: class tests.Testing3 cannot be cast to class tests.Testing1 (tests.Testing3 and tests.Testing1 are in unnamed module of loader 'app')
at utilities.Listeners.Retry.extendReportsFailOperations(Retry.java:35)
at utilities.Listeners.Retry.retry(Retry.java:23)
at java.base/java.util.ArrayList.forEach(ArrayList.java:1511)
... Removed 23 stack frames]]>
    </failure>
  </testcase> <!-- CreateUser -->
  <testcase classname="tests.Testing3" name="EditUser" time="0.0">
    <skipped/>
  </testcase> <!-- EditUser -->
</testsuite> <!-- Test -->
