<?xml version="1.0" encoding="UTF-8"?>
<testsuite xmlns:xsi="http://www.w3.org/2001/XMLSchema-instance" xsi:noNamespaceSchemaLocation="https://maven.apache.org/surefire/maven-surefire-plugin/xsd/surefire-test-report.xsd" name="TestSuite" time="15.941" tests="11" errors="0" skipped="2" failures="1">
  <properties>
[...]
</properties>
  <testcase name="test1" classname="tests.Testing1" time="0.005"/>
  <testcase name="test2" classname="tests.Testing1" time="0.001"/>
  <testcase name="test3" classname="tests.Testing1" time="0"/>
  <testcase name="testdp" classname="tests.Testing1" time="0.003"/>
  <testcase name="testdp" classname="tests.Testing1" time="0.004"/>
  <testcase name="test4" classname="tests.Testing2" time="0.001"/>
  <testcase name="test5" classname="tests.Testing2" time="0.002"/>
  <testcase name="CreateUser" classname="tests.Testing3" time="1.043">
    <failure message="I am lost expected [true] but found [false]" type="java.lang.AssertionError">java.lang.AssertionError: I am lost expected [true] but found [false]
	at tests.Testing3.CreateUser(Testing3.java:13)
</failure>
    <system-out><![CDATA[I am in home ttest
Before assertion
]]></system-out>
  </testcase>
  <testcase name="EditUser" classname="tests.Testing3" time="0">
    <skipped message="Method Testing3.EditUser()[pri:2, instance:tests.Testing3@543788f3] depends on not successfully finished methods"/>
  </testcase>
  <testcase name="Deleteuser" classname="tests.Testing3" time="0">
    <skipped message="Method Testing3.Deleteuser()[pri:3, instance:tests.Testing3@543788f3] depends on not successfully finished methods"/>
  </testcase>
  <testcase name="shouldAnswerWithTrue on shouldAnswerWithTrue(tests.AppTest)" classname="tests.AppTest" time="0.001"/>
</testsuite>